#
# There is insufficient memory for the Java Runtime Environment to continue.
# Native memory allocation (malloc) failed to allocate 838576 bytes for Chunk::new
# Possible reasons:
#   The system is out of physical RAM or swap space
#   In 32 bit mode, the process size limit was hit
# Possible solutions:
#   Reduce memory load on the system
#   Increase physical memory or swap space
#   Check if swap backing store is full
#   Use 64 bit Java on a 64 bit OS
#   Decrease Java heap size (-Xmx/-Xms)
#   Decrease number of Java threads
#   Decrease Java thread stack sizes (-Xss)
#   Set larger code cache with -XX:ReservedCodeCacheSize=
# This output file may be truncated or incomplete.
#
#  Out of Memory Error (allocation.cpp:390), pid=7628, tid=0x00000000000026d4
#
# JRE version: OpenJDK Runtime Environment (8.0_76-b01) (build 1.8.0_76-release-b01)
# Java VM: OpenJDK 64-Bit Server VM (25.76-b01 mixed mode windows-amd64 compressed oops)
# Failed to write core dump. Minidumps are not enabled by default on client versions of Windows
#

---------------  T H R E A D  ---------------

Current thread (0x0000000014d7d000):  JavaThread "C2 CompilerThread1" daemon [_thread_in_native, id=9940, stack(0x00000000167d0000,0x00000000168d0000)]

Stack: [0x00000000167d0000,0x00000000168d0000]
[error occurred during error reporting (printing stack bounds), id 0xc0000005]

Native frames: (J=compiled Java code, j=interpreted, Vv=VM code, C=native code)


Current CompileTask:
C2:  13088 2265   !   4       com.android.dx.cf.code.BytecodeArray::parseInstruction (2764 bytes)


---------------  P R O C E S S  ---------------

Java Threads: ( => current thread )
  0x0000000016662000 JavaThread "pool-1-thread-4" [_thread_in_Java, id=6776, stack(0x0000000016fd0000,0x00000000170d0000)]
  0x0000000016661000 JavaThread "pool-1-thread-3" [_thread_in_Java, id=7368, stack(0x0000000016ed0000,0x0000000016fd0000)]
  0x0000000016660000 JavaThread "pool-1-thread-2" [_thread_blocked, id=6760, stack(0x0000000016dd0000,0x0000000016ed0000)]
  0x000000001665a000 JavaThread "pool-2-thread-1" [_thread_blocked, id=9396, stack(0x0000000016cd0000,0x0000000016dd0000)]
  0x000000001663c800 JavaThread "pool-1-thread-1" [_thread_blocked, id=5132, stack(0x0000000016bd0000,0x0000000016cd0000)]
  0x0000000016437800 JavaThread "Service Thread" daemon [_thread_blocked, id=9672, stack(0x00000000169d0000,0x0000000016ad0000)]
  0x0000000016432800 JavaThread "C1 CompilerThread2" daemon [_thread_blocked, id=6324, stack(0x00000000168d0000,0x00000000169d0000)]
=>0x0000000014d7d000 JavaThread "C2 CompilerThread1" daemon [_thread_in_native, id=9940, stack(0x00000000167d0000,0x00000000168d0000)]
  0x0000000014d79000 JavaThread "C2 CompilerThread0" daemon [_thread_blocked, id=7824, stack(0x00000000162d0000,0x00000000163d0000)]
  0x0000000014d78000 JavaThread "Attach Listener" daemon [_thread_blocked, id=6984, stack(0x00000000161d0000,0x00000000162d0000)]
  0x0000000014d2c800 JavaThread "Signal Dispatcher" daemon [_thread_blocked, id=8044, stack(0x00000000160d0000,0x00000000161d0000)]
  0x0000000002645000 JavaThread "Finalizer" daemon [_thread_blocked, id=704, stack(0x0000000015f70000,0x0000000016070000)]
  0x000000000263f000 JavaThread "Reference Handler" daemon [_thread_blocked, id=7316, stack(0x0000000015e70000,0x0000000015f70000)]
  0x0000000002550800 JavaThread "main" [_thread_in_Java, id=2304, stack(0x0000000002420000,0x0000000002520000)]

Other Threads:
  0x0000000014ce6000 VMThread [stack: 0x0000000015d70000,0x0000000015e70000] [id=3592]
  0x0000000016439000 WatcherThread [stack: 0x0000000016ad0000,0x0000000016bd0000] [id=7268]

VM state:not at safepoint (normal execution)

VM Mutex/Monitor currently owned by a thread: None

Heap:
 PSYoungGen      total 68096K, used 46174K [0x00000000eab00000, 0x00000000ef000000, 0x0000000100000000)
  eden space 65536K, 70% used [0x00000000eab00000,0x00000000ed817808,0x00000000eeb00000)
  from space 2560K, 0% used [0x00000000eed80000,0x00000000eed80000,0x00000000ef000000)
  to   space 2560K, 0% used [0x00000000eeb00000,0x00000000eeb00000,0x00000000eed80000)
 ParOldGen       total 44032K, used 33371K [0x00000000c0000000, 0x00000000c2b00000, 0x00000000eab00000)
  object space 44032K, 75% used [0x00000000c0000000,0x00000000c2096d48,0x00000000c2b00000)
 Metaspace       used 6505K, capacity 7218K, committed 7296K, reserved 1056768K
  class space    used 600K, capacity 618K, committed 640K, reserved 1048576K

Card table byte_map: [0x0000000011a10000,0x0000000011c20000] byte_map_base: 0x0000000011410000

Marking Bits: (ParMarkBitMap*) 0x000000005d969d00
 Begin Bits: [0x0000000012180000, 0x0000000013180000)
 End Bits:   [0x0000000013180000, 0x0000000014180000)

Polling page: 0x0000000002040000

CodeCache: size=245760Kb used=11160Kb max_used=11172Kb free=234599Kb
 bounds [0x0000000002650000, 0x0000000003150000, 0x0000000011650000]
 total_blobs=2496 nmethods=2225 adapters=184
 compilation: enabled

Compilation events (10 events):
Event: 12.979 Thread 0x0000000016432800 nmethod 2270 0x000000000310f350 code [0x000000000310f580, 0x0000000003110248]
Event: 13.001 Thread 0x0000000014d79000 nmethod 2261 0x0000000003130010 code [0x00000000031301c0, 0x0000000003130bf8]
Event: 13.001 Thread 0x0000000014d79000 2266       4       com.android.dx.cf.attrib.BaseAttribute::<init> (24 bytes)
Event: 13.001 Thread 0x0000000014d79000 nmethod 2266 0x0000000002dd59d0 code [0x0000000002dd5b00, 0x0000000002dd5b98]
Event: 13.001 Thread 0x0000000014d79000 2260       4       com.android.dx.dex.code.RopTranslator$LocalVariableAwareTranslationVisitor::visitPlainCstInsn (11 bytes)
Event: 13.039 Thread 0x0000000014d79000 nmethod 2260 0x0000000003142850 code [0x0000000003142aa0, 0x0000000003143ef0]
Event: 13.039 Thread 0x0000000014d79000 2212       4       com.android.dx.cf.code.BaseMachine::popArgs (72 bytes)
Event: 13.054 Thread 0x0000000014d79000 nmethod 2212 0x000000000312e110 code [0x000000000312e320, 0x000000000312ee30]
Event: 13.082 Thread 0x0000000016432800 2271       3       java.util.HashMap::get (23 bytes)
Event: 13.082 Thread 0x0000000016432800 nmethod 2271 0x0000000003133090 code [0x0000000003133220, 0x0000000003133618]

GC Heap History (10 events):
Event: 4.197 GC heap before
{Heap before GC invocations=3 (full 0):
 PSYoungGen      total 35328K, used 35314K [0x00000000eab00000, 0x00000000ed000000, 0x0000000100000000)
  eden space 32768K, 100% used [0x00000000eab00000,0x00000000ecb00000,0x00000000ecb00000)
  from space 2560K, 99% used [0x00000000ecd80000,0x00000000ecffcb28,0x00000000ed000000)
  to   space 2560K, 0% used [0x00000000ecb00000,0x00000000ecb00000,0x00000000ecd80000)
 ParOldGen       total 44032K, used 2820K [0x00000000c0000000, 0x00000000c2b00000, 0x00000000eab00000)
  object space 44032K, 6% used [0x00000000c0000000,0x00000000c02c1160,0x00000000c2b00000)
 Metaspace       used 6149K, capacity 7024K, committed 7296K, reserved 1056768K
  class space    used 580K, capacity 616K, committed 640K, reserved 1048576K
Event: 4.210 GC heap after
Heap after GC invocations=3 (full 0):
 PSYoungGen      total 35328K, used 2540K [0x00000000eab00000, 0x00000000ef000000, 0x0000000100000000)
  eden space 32768K, 0% used [0x00000000eab00000,0x00000000eab00000,0x00000000ecb00000)
  from space 2560K, 99% used [0x00000000ecb00000,0x00000000ecd7b340,0x00000000ecd80000)
  to   space 2560K, 0% used [0x00000000eed80000,0x00000000eed80000,0x00000000ef000000)
 ParOldGen       total 44032K, used 8127K [0x00000000c0000000, 0x00000000c2b00000, 0x00000000eab00000)
  object space 44032K, 18% used [0x00000000c0000000,0x00000000c07efce8,0x00000000c2b00000)
 Metaspace       used 6149K, capacity 7024K, committed 7296K, reserved 1056768K
  class space    used 580K, capacity 616K, committed 640K, reserved 1048576K
}
Event: 6.368 GC heap before
{Heap before GC invocations=4 (full 0):
 PSYoungGen      total 35328K, used 35308K [0x00000000eab00000, 0x00000000ef000000, 0x0000000100000000)
  eden space 32768K, 100% used [0x00000000eab00000,0x00000000ecb00000,0x00000000ecb00000)
  from space 2560K, 99% used [0x00000000ecb00000,0x00000000ecd7b340,0x00000000ecd80000)
  to   space 2560K, 0% used [0x00000000eed80000,0x00000000eed80000,0x00000000ef000000)
 ParOldGen       total 44032K, used 8127K [0x00000000c0000000, 0x00000000c2b00000, 0x00000000eab00000)
  object space 44032K, 18% used [0x00000000c0000000,0x00000000c07efce8,0x00000000c2b00000)
 Metaspace       used 6195K, capacity 7088K, committed 7296K, reserved 1056768K
  class space    used 580K, capacity 616K, committed 640K, reserved 1048576K
Event: 6.394 GC heap after
Heap after GC invocations=4 (full 0):
 PSYoungGen      total 68096K, used 2543K [0x00000000eab00000, 0x00000000ef000000, 0x0000000100000000)
  eden space 65536K, 0% used [0x00000000eab00000,0x00000000eab00000,0x00000000eeb00000)
  from space 2560K, 99% used [0x00000000eed80000,0x00000000eeffbe58,0x00000000ef000000)
  to   space 2560K, 0% used [0x00000000eeb00000,0x00000000eeb00000,0x00000000eed80000)
 ParOldGen       total 44032K, used 12641K [0x00000000c0000000, 0x00000000c2b00000, 0x00000000eab00000)
  object space 44032K, 28% used [0x00000000c0000000,0x00000000c0c58758,0x00000000c2b00000)
 Metaspace       used 6195K, capacity 7088K, committed 7296K, reserved 1056768K
  class space    used 580K, capacity 616K, committed 640K, reserved 1048576K
}
Event: 9.737 GC heap before
{Heap before GC invocations=5 (full 0):
 PSYoungGen      total 68096K, used 68079K [0x00000000eab00000, 0x00000000ef000000, 0x0000000100000000)
  eden space 65536K, 100% used [0x00000000eab00000,0x00000000eeb00000,0x00000000eeb00000)
  from space 2560K, 99% used [0x00000000eed80000,0x00000000eeffbe58,0x00000000ef000000)
  to   space 2560K, 0% used [0x00000000eeb00000,0x00000000eeb00000,0x00000000eed80000)
 ParOldGen       total 44032K, used 12641K [0x00000000c0000000, 0x00000000c2b00000, 0x00000000eab00000)
  object space 44032K, 28% used [0x00000000c0000000,0x00000000c0c58758,0x00000000c2b00000)
 Metaspace       used 6283K, capacity 7152K, committed 7296K, reserved 1056768K
  class space    used 581K, capacity 616K, committed 640K, reserved 1048576K
Event: 9.785 GC heap after
Heap after GC invocations=5 (full 0):
 PSYoungGen      total 68096K, used 2556K [0x00000000eab00000, 0x00000000ef000000, 0x0000000100000000)
  eden space 65536K, 0% used [0x00000000eab00000,0x00000000eab00000,0x00000000eeb00000)
  from space 2560K, 99% used [0x00000000eeb00000,0x00000000eed7f330,0x00000000eed80000)
  to   space 2560K, 0% used [0x00000000eed80000,0x00000000eed80000,0x00000000ef000000)
 ParOldGen       total 44032K, used 23621K [0x00000000c0000000, 0x00000000c2b00000, 0x00000000eab00000)
  object space 44032K, 53% used [0x00000000c0000000,0x00000000c17117b0,0x00000000c2b00000)
 Metaspace       used 6283K, capacity 7152K, committed 7296K, reserved 1056768K
  class space    used 581K, capacity 616K, committed 640K, reserved 1048576K
}
Event: 11.399 GC heap before
{Heap before GC invocations=6 (full 0):
 PSYoungGen      total 68096K, used 68092K [0x00000000eab00000, 0x00000000ef000000, 0x0000000100000000)
  eden space 65536K, 100% used [0x00000000eab00000,0x00000000eeb00000,0x00000000eeb00000)
  from space 2560K, 99% used [0x00000000eeb00000,0x00000000eed7f330,0x00000000eed80000)
  to   space 2560K, 0% used [0x00000000eed80000,0x00000000eed80000,0x00000000ef000000)
 ParOldGen       total 44032K, used 23621K [0x00000000c0000000, 0x00000000c2b00000, 0x00000000eab00000)
  object space 44032K, 53% used [0x00000000c0000000,0x00000000c17117b0,0x00000000c2b00000)
 Metaspace       used 6378K, capacity 7152K, committed 7296K, reserved 1056768K
  class space    used 581K, capacity 616K, committed 640K, reserved 1048576K
Event: 11.542 GC heap after
Heap after GC invocations=6 (full 0):
 PSYoungGen      total 68096K, used 2543K [0x00000000eab00000, 0x00000000ef000000, 0x0000000100000000)
  eden space 65536K, 0% used [0x00000000eab00000,0x00000000eab00000,0x00000000eeb00000)
  from space 2560K, 99% used [0x00000000eed80000,0x00000000eeffbde0,0x00000000ef000000)
  to   space 2560K, 0% used [0x00000000eeb00000,0x00000000eeb00000,0x00000000eed80000)
 ParOldGen       total 44032K, used 34782K [0x00000000c0000000, 0x00000000c2b00000, 0x00000000eab00000)
  object space 44032K, 78% used [0x00000000c0000000,0x00000000c21f7a90,0x00000000c2b00000)
 Metaspace       used 6378K, capacity 7152K, committed 7296K, reserved 1056768K
  class space    used 581K, capacity 616K, committed 640K, reserved 1048576K
}
Event: 11.542 GC heap before
{Heap before GC invocations=7 (full 1):
 PSYoungGen      total 68096K, used 2543K [0x00000000eab00000, 0x00000000ef000000, 0x0000000100000000)
  eden space 65536K, 0% used [0x00000000eab00000,0x00000000eab00000,0x00000000eeb00000)
  from space 2560K, 99% used [0x00000000eed80000,0x00000000eeffbde0,0x00000000ef000000)
  to   space 2560K, 0% used [0x00000000eeb00000,0x00000000eeb00000,0x00000000eed80000)
 ParOldGen       total 44032K, used 34782K [0x00000000c0000000, 0x00000000c2b00000, 0x00000000eab00000)
  object space 44032K, 78% used [0x00000000c0000000,0x00000000c21f7a90,0x00000000c2b00000)
 Metaspace       used 6378K, capacity 7152K, committed 7296K, reserved 1056768K
  class space    used 581K, capacity 616K, committed 640K, reserved 1048576K
Event: 12.222 GC heap after
Heap after GC invocations=7 (full 1):
 PSYoungGen      total 68096K, used 0K [0x00000000eab00000, 0x00000000ef000000, 0x0000000100000000)
  eden space 65536K, 0% used [0x00000000eab00000,0x00000000eab00000,0x00000000eeb00000)
  from space 2560K, 0% used [0x00000000eed80000,0x00000000eed80000,0x00000000ef000000)
  to   space 2560K, 0% used [0x00000000eeb00000,0x00000000eeb00000,0x00000000eed80000)
 ParOldGen       total 44032K, used 33371K [0x00000000c0000000, 0x00000000c2b00000, 0x00000000eab00000)
  object space 44032K, 75% used [0x00000000c0000000,0x00000000c2096d48,0x00000000c2b00000)
 Metaspace       used 6378K, capacity 7152K, committed 7296K, reserved 1056768K
  class space    used 581K, capacity 616K, committed 640K, reserved 1048576K
}

Deoptimization events (10 events):
Event: 10.136 Thread 0x0000000016662000 Uncommon trap: reason=class_check action=maybe_recompile pc=0x0000000002f06cec method=com.android.dx.cf.code.BytecodeArray.parseInstruction(ILcom/android/dx/cf/code/BytecodeArray$Visitor;)I @ 1807
Event: 10.136 Thread 0x0000000016662000 Uncommon trap: reason=class_check action=maybe_recompile pc=0x0000000002f06648 method=com.android.dx.cf.code.BytecodeArray.parseInstruction(ILcom/android/dx/cf/code/BytecodeArray$Visitor;)I @ 1417
Event: 10.136 Thread 0x0000000016662000 Uncommon trap: reason=class_check action=maybe_recompile pc=0x0000000002f06648 method=com.android.dx.cf.code.BytecodeArray.parseInstruction(ILcom/android/dx/cf/code/BytecodeArray$Visitor;)I @ 1417
Event: 10.138 Thread 0x0000000016662000 Uncommon trap: reason=class_check action=maybe_recompile pc=0x0000000002c29a4c method=java.util.HashMap.putVal(ILjava/lang/Object;Ljava/lang/Object;ZZ)Ljava/lang/Object; @ 203
Event: 11.221 Thread 0x0000000016660000 Uncommon trap: reason=class_check action=maybe_recompile pc=0x0000000002e8b8bc method=com.android.dx.ssa.SCCP.replaceConstants()V @ 127
Event: 11.232 Thread 0x0000000016661000 Uncommon trap: reason=unstable_if action=reinterpret pc=0x0000000002c4f348 method=com.android.dx.rop.code.LocalItem.compareHandlesNulls(Lcom/android/dx/rop/cst/CstString;Lcom/android/dx/rop/cst/CstString;)I @ 14
Event: 12.944 Thread 0x0000000016660000 Uncommon trap: reason=bimorphic action=maybe_recompile pc=0x00000000030003dc method=com.android.dx.cf.code.BytecodeArray.parseInstruction(ILcom/android/dx/cf/code/BytecodeArray$Visitor;)I @ 1161
Event: 12.944 Thread 0x0000000016660000 Uncommon trap: reason=bimorphic action=maybe_recompile pc=0x00000000030003dc method=com.android.dx.cf.code.BytecodeArray.parseInstruction(ILcom/android/dx/cf/code/BytecodeArray$Visitor;)I @ 1161
Event: 12.952 Thread 0x0000000016662000 Uncommon trap: reason=unstable_if action=reinterpret pc=0x00000000029cbf5c method=java.util.HashMap.putVal(ILjava/lang/Object;Ljava/lang/Object;ZZ)Ljava/lang/Object; @ 162
Event: 12.978 Thread 0x0000000016662000 Uncommon trap: reason=unstable_if action=reinterpret pc=0x0000000002d82ba8 method=java.util.HashMap.getNode(ILjava/lang/Object;)Ljava/util/HashMap$Node; @ 84

Internal exceptions (7 events):
Event: 0.076 Thread 0x0000000002550800 Exception <a 'java/lang/NoSuchMethodError': Method sun.misc.Unsafe.defineClass(Ljava/lang/String;[BII)Ljava/lang/Class; name or signature does not match> (0x00000000eab07cc0) thrown at [C:\src\android\AOSP-openjdk\external\jetbrains\jdk\hotspot\src\share\vÒŸäxX^³?
Event: 0.076 Thread 0x0000000002550800 Exception <a 'java/lang/NoSuchMethodError': Method sun.misc.Unsafe.prefetchRead(Ljava/lang/Object;J)V name or signature does not match> (0x00000000eab07fa8) thrown at [C:\src\android\AOSP-openjdk\external\jetbrains\jdk\hotspot\src\share\vm\prims\jni.cpp, l(¯^»3Lü?
Event: 1.769 Thread 0x0000000016662000 Implicit null exception at 0x00000000029d1922 to 0x00000000029d1a29
Event: 11.232 Thread 0x0000000016661000 Implicit null exception at 0x0000000002c4da73 to 0x0000000002c4f325
Event: 12.959 Thread 0x0000000016662000 Exception <a 'java/lang/ArrayIndexOutOfBoundsException': 18> (0x00000000ed6ebaa8) thrown at [C:\src\android\AOSP-openjdk\external\jetbrains\jdk\hotspot\src\share\vm\interpreter\interpreterRuntime.cpp, line 366]
Event: 12.959 Thread 0x0000000016662000 Exception <a 'java/lang/ArrayIndexOutOfBoundsException': 145> (0x00000000ed6ed628) thrown at [C:\src\android\AOSP-openjdk\external\jetbrains\jdk\hotspot\src\share\vm\interpreter\interpreterRuntime.cpp, line 366]
Event: 12.977 Thread 0x0000000016662000 Exception <a 'java/lang/ArrayIndexOutOfBoundsException'> (0x00000000ed6ee910) thrown at [C:\src\android\AOSP-openjdk\external\jetbrains\jdk\hotspot\src\share\vm\runtime\sharedRuntime.cpp, line 605]

Events (10 events):
Event: 12.977 loading class sun/reflect/generics/reflectiveObjects/ParameterizedTypeImpl done
Event: 12.977 loading class java/lang/reflect/TypeVariable
Event: 12.977 loading class java/lang/reflect/TypeVariable done
Event: 12.977 loading class sun/reflect/generics/reflectiveObjects/TypeVariableImpl
Event: 12.978 loading class sun/reflect/generics/reflectiveObjects/LazyReflectiveObjectGenerator
Event: 12.978 loading class sun/reflect/generics/reflectiveObjects/LazyReflectiveObjectGenerator done
Event: 12.978 loading class sun/reflect/generics/reflectiveObjects/TypeVariableImpl done
Event: 12.978 Thread 0x0000000016662000 Uncommon trap: trap_request=0xffffff65 fr.pc=0x0000000002d82ba8
Event: 12.978 Thread 0x0000000016662000 DEOPT PACKING pc=0x0000000002d82ba8 sp=0x00000000170ce4f0
Event: 12.978 Thread 0x0000000016662000 DEOPT UNPACKING pc=0x000000000269556a sp=0x00000000170ce410 mode 2


Dynamic libraries:
0x00007ff7a9fd0000 - 0x00007ff7aa005000 	D:\android-studio2\android-studio\jre\bin\java.exe
0x00007ffe9ee30000 - 0x00007ffe9eff1000 	C:\windows\SYSTEM32\ntdll.dll
0x00007ffe9e7b0000 - 0x00007ffe9e85d000 	C:\windows\system32\KERNEL32.DLL
0x00007ffe9be70000 - 0x00007ffe9c058000 	C:\windows\system32\KERNELBASE.dll
0x00007ffe9ed70000 - 0x00007ffe9ee17000 	C:\windows\system32\ADVAPI32.dll
0x00007ffe9ddd0000 - 0x00007ffe9de6d000 	C:\windows\system32\msvcrt.dll
0x00007ffe9e9c0000 - 0x00007ffe9ea1b000 	C:\windows\system32\sechost.dll
0x00007ffe9e860000 - 0x00007ffe9e97c000 	C:\windows\system32\RPCRT4.dll
0x00007ffe9ea20000 - 0x00007ffe9eb76000 	C:\windows\system32\USER32.dll
0x00007ffe9eb80000 - 0x00007ffe9ed06000 	C:\windows\system32\GDI32.dll
0x00007ffe8b7d0000 - 0x00007ffe8ba44000 	C:\windows\WinSxS\amd64_microsoft.windows.common-controls_6595b64144ccf1df_6.0.10586.0_none_8c15ae12515e1c22\COMCTL32.dll
0x00007ffe9c240000 - 0x00007ffe9c4bd000 	C:\windows\system32\combase.dll
0x00007ffe9b6f0000 - 0x00007ffe9b75a000 	C:\windows\system32\bcryptPrimitives.dll
0x00007ffe9e980000 - 0x00007ffe9e9bb000 	C:\windows\system32\IMM32.DLL
0x000000005cff0000 - 0x000000005d0c2000 	D:\android-studio2\android-studio\jre\jre\bin\msvcr100.dll
0x000000005d1b0000 - 0x000000005d9e4000 	D:\android-studio2\android-studio\jre\jre\bin\server\jvm.dll
0x00007ffe9c230000 - 0x00007ffe9c238000 	C:\windows\system32\PSAPI.DLL
0x00007ffe95fc0000 - 0x00007ffe95fc9000 	C:\windows\SYSTEM32\WSOCK32.dll
0x00007ffe9c780000 - 0x00007ffe9c7eb000 	C:\windows\system32\WS2_32.dll
0x00007ffe99080000 - 0x00007ffe990a3000 	C:\windows\SYSTEM32\WINMM.dll
0x00007ffe99020000 - 0x00007ffe9904c000 	C:\windows\SYSTEM32\winmmbase.dll
0x00007ffe9b4e0000 - 0x00007ffe9b523000 	C:\windows\system32\cfgmgr32.dll
0x00007ffe8ad90000 - 0x00007ffe8ad9a000 	C:\windows\SYSTEM32\VERSION.dll
0x00007ffe95070000 - 0x00007ffe9507f000 	D:\android-studio2\android-studio\jre\jre\bin\verify.dll
0x00007ffe8dfa0000 - 0x00007ffe8dfc9000 	D:\android-studio2\android-studio\jre\jre\bin\java.dll
0x00007ffe8ed10000 - 0x00007ffe8ed26000 	D:\android-studio2\android-studio\jre\jre\bin\zip.dll
0x00007ffe9c7f0000 - 0x00007ffe9dd4c000 	C:\windows\system32\SHELL32.dll
0x00007ffe9b820000 - 0x00007ffe9be64000 	C:\windows\system32\windows.storage.dll
0x00007ffe9c4c0000 - 0x00007ffe9c512000 	C:\windows\system32\shlwapi.dll
0x00007ffe9b4c0000 - 0x00007ffe9b4cf000 	C:\windows\system32\kernel.appcore.dll
0x00007ffe9b760000 - 0x00007ffe9b815000 	C:\windows\system32\shcore.dll
0x00007ffe9b470000 - 0x00007ffe9b4bb000 	C:\windows\system32\powrprof.dll
0x00007ffe9b450000 - 0x00007ffe9b464000 	C:\windows\system32\profapi.dll

VM Arguments:
jvm_args: -Djava.awt.headless=true -Xmx1024M -Dfile.encoding=GBK -Duser.country=CN -Duser.language=zh -Duser.variant 
java_command: com.android.dx.command.Main --dex --num-threads=4 --output D:\Micro\desktop\project\Healthy\app\build\intermediates\pre-dexed\debug\com.android.support-support-v4-23.4.0_fdb879d148950422f77faac7c11899b3c272e846.jar D:\Micro\desktop\project\Healthy\app\build\intermediates\exploded-aar\com.android.support\support-v4\23.4.0\jars\classes.jar
java_class_path (initial): D:\sdk\build-tools\23.0.3\lib\dx.jar
Launcher Type: SUN_STANDARD

Environment Variables:
JAVA_HOME=D:\java
CLASSPATH=.;D:\java\lib;D:\java\lib\tools.jar;
PATH=C:\ProgramData\Oracle\Java\javapath;C:\windows\system32;C:\windows;C:\windows\System32\Wbem;C:\windows\System32\WindowsPowerShell\v1.0\;D:\java\bin;D:\java\jre\bin;D:\wamp64\bin\mysql\mysql5.7.9;D:\sdk\platform-tools;
USERNAME=Micro
OS=Windows_NT
PROCESSOR_IDENTIFIER=Intel64 Family 6 Model 78 Stepping 3, GenuineIntel



---------------  S Y S T E M  ---------------

OS: Windows 10.0 , 64 bit Build 10586 (10.0.10586.0)

CPU:total 4 (2 cores per cpu, 2 threads per core) family 6 model 78 stepping 3, cmov, cx8, fxsr, mmx, sse, sse2, sse3, ssse3, sse4.1, sse4.2, popcnt, avx, avx2, aes, clmul, erms, rtm, 3dnowpref, lzcnt, ht, tsc, tscinvbit, bmi1, bmi2, adx

Memory: 4k page, physical 4116436k(242636k free), swap 10670032k(5452k free)

vm_info: OpenJDK 64-Bit Server VM (25.76-b01) for windows-amd64 JRE (1.8.0_76-release-b01), built on May 12 2016 23:29:00 by "ralucas" with MS VC++ 10.0 (VS2010)

time: Tue Jun 14 13:52:36 2016
elapsed time: 13 seconds (0d 0h 0m 13s)

